[INFO] 11:33:40.%f MainProcess beavr.teleop.main: 🚀 Starting Beavr Teleop System
[INFO] 11:33:40.%f MainProcess beavr.teleop.main: 📡 Network host: 192.168.1.133
[INFO] 11:33:40.%f MainProcess beavr.teleop.main: 🎮 Operation mode: ENABLED
[INFO] 11:33:40.%f MainProcess beavr.teleop.main: 🎯 Simulation mode: DISABLED
[INFO] 11:33:40.%f MainProcess beavr.teleop.main: 🤖 Robot: sysmo32
[INFO] 11:33:40.%f MainProcess beavr.teleop.components.initializers: 🔧 Initializing TeleOperator with structured configuration
[INFO] 11:33:40.%f MainProcess beavr.teleop.components.initializers: 🌐 Auto-starting simulation environment from robot config
[INFO] 11:33:40.%f MainProcess beavr.teleop.main: 🔄 Starting 8 teleop processes...
[DEBUG] 11:33:40.%f MainProcess beavr.teleop.main:   ✅ Started process: Process-1
[DEBUG] 11:33:40.%f MainProcess beavr.teleop.main:   ✅ Started process: Process-2
[INFO] 11:33:40.%f Process-2 beavr.teleop.components.component: ***************************************************************
[INFO] 11:33:40.%f Process-2 beavr.teleop.components.component:      Starting vr detector component
[INFO] 11:33:40.%f Process-2 beavr.teleop.components.component: ***************************************************************
[DEBUG] 11:33:40.%f MainProcess beavr.teleop.main:   ✅ Started process: Process-3
[INFO] 11:33:40.%f Process-3 beavr.teleop.components.component: ***************************************************************
[INFO] 11:33:40.%f Process-3 beavr.teleop.components.component:      Starting right_hand_keypoint_transform component
[INFO] 11:33:40.%f Process-3 beavr.teleop.components.component: ***************************************************************
[DEBUG] 11:33:40.%f MainProcess beavr.teleop.main:   ✅ Started process: Process-4
[INFO] 11:33:40.%f Process-2 beavr.teleop.components.detector.vr.oculus: Starting VR hand detection with configuration: bimanual
[INFO] 11:33:40.%f Process-4 beavr.teleop.components.component: ***************************************************************
[INFO] 11:33:40.%f Process-4 beavr.teleop.components.component:      Starting left_hand_keypoint_transform component
[INFO] 11:33:40.%f Process-4 beavr.teleop.components.component: ***************************************************************
[DEBUG] 11:33:40.%f MainProcess beavr.teleop.main:   ✅ Started process: Process-5
[DEBUG] 11:33:40.%f MainProcess beavr.teleop.main:   ✅ Started process: Process-6
[DEBUG] 11:33:40.%f MainProcess beavr.teleop.main:   ✅ Started process: Process-7
[INFO] 11:33:40.%f Process-7 beavr.teleop.components.component: ***************************************************************
[INFO] 11:33:40.%f Process-7 beavr.teleop.components.component:      Starting sysmo32_right_operator component
[INFO] 11:33:40.%f Process-7 beavr.teleop.components.component: ***************************************************************
[DEBUG] 11:33:40.%f MainProcess beavr.teleop.main:   ✅ Started process: Process-8
[INFO] 11:33:40.%f MainProcess beavr.teleop.main: ✨ All processes started. Press Ctrl+C to stop.
[INFO] 11:33:40.%f Process-5 beavr.teleop.common.network.handshake: Started handshake server for 'sysmo32_right_handshake' on *:8153
[INFO] 11:33:40.%f Process-5 beavr.teleop.components.interface.robots.sysmo32_robot: Handshake server started for sysmo32_right
[INFO] 11:33:40.%f Process-8 beavr.teleop.components.component: ***************************************************************
[INFO] 11:33:40.%f Process-8 beavr.teleop.components.component:      Starting sysmo32_left_operator component
[INFO] 11:33:40.%f Process-8 beavr.teleop.components.component: ***************************************************************
[INFO] 11:33:40.%f Process-6 beavr.teleop.common.network.handshake: Started handshake server for 'sysmo32_left_handshake' on *:8154
[INFO] 11:33:40.%f Process-6 beavr.teleop.components.interface.robots.sysmo32_robot: Handshake server started for sysmo32_left
[INFO] 11:33:40.%f Process-7 beavr.teleop.common.network.handshake: Started handshake server for 'sysmo32_right_operator_handshake' on *:8219
[INFO] 11:33:40.%f Process-7 beavr.teleop.components.operator.robots.xarm7_operator: Handshake server started for sysmo32_right_operator on port 8219
[INFO] 11:33:40.%f Process-7 beavr.teleop.components.component: ***************************************************************
[INFO] 11:33:40.%f Process-7 beavr.teleop.components.component:      Starting None control component
[INFO] 11:33:40.%f Process-7 beavr.teleop.components.component: ***************************************************************
[INFO] 11:33:40.%f Process-7 beavr.teleop.components.operator.operator_base: Start controlling the robot hand using the Oculus Headset.

[INFO] 11:33:40.%f Process-7 beavr.teleop.components.operator.robots.xarm7_operator: ****** sysmo32_right_operator: RESETTING TELEOP ******
[INFO] 11:33:40.%f Process-8 beavr.teleop.common.network.handshake: Started handshake server for 'sysmo32_left_operator_handshake' on *:8232
[INFO] 11:33:40.%f Process-8 beavr.teleop.components.operator.robots.xarm7_operator: Handshake server started for sysmo32_left_operator on port 8232
[INFO] 11:33:40.%f Process-8 beavr.teleop.components.component: ***************************************************************
[INFO] 11:33:40.%f Process-8 beavr.teleop.components.component:      Starting None control component
[INFO] 11:33:40.%f Process-8 beavr.teleop.components.component: ***************************************************************
[INFO] 11:33:40.%f Process-8 beavr.teleop.components.operator.operator_base: Start controlling the robot hand using the Oculus Headset.

[INFO] 11:33:40.%f Process-8 beavr.teleop.components.operator.robots.xarm7_operator: ****** sysmo32_left_operator: RESETTING TELEOP ******
[INFO] 11:33:40.%f Process-2 beavr.teleop.components.detector.vr.oculus: [Bot接收] right 关键点数据长度: 78
[INFO] 11:33:40.%f Process-2 beavr.teleop.components.detector.vr.oculus: [Bot接收] left 关键点数据长度: 78
[INFO] 11:33:40.%f Process-2 beavr.teleop.components.detector.vr.oculus: [Bot接收] right 关键点数据长度: 78
[INFO] 11:33:40.%f Process-1 beavr.teleop.components.component: ***************************************************************
[INFO] 11:33:40.%f Process-1 beavr.teleop.components.component:      Starting mujoco_sysmo_simulator component
[INFO] 11:33:40.%f Process-1 beavr.teleop.components.component: ***************************************************************
[INFO] 11:33:40.%f Process-7 beavr.teleop.components.operator.robots.xarm7_operator: sysmo32_right_operator Robot init H:
[[ 1.          0.          0.          0.206     ]
 [ 0.          1.          0.         -0.186     ]
 [ 0.          0.          1.          0.47499999]
 [ 0.          0.          0.          1.        ]]
[INFO] 11:33:40.%f Process-8 beavr.teleop.components.operator.robots.xarm7_operator: sysmo32_left_operator Robot init H:
[[1.         0.         0.         0.206     ]
 [0.         1.         0.         0.186     ]
 [0.         0.         1.         0.47499999]
 [0.         0.         0.         1.        ]]
[INFO] 11:33:40.%f Process-1 beavr.teleop.components.simulation.mujoco_sim: MuJoCo模型加载成功: 12 个自由度, 12 个关节, 2 个site
[INFO] 11:33:40.%f Process-1 beavr.teleop.components.simulation.mujoco_sim: 关节ID缓存完成: 左手6个, 右手6个
[INFO] 11:33:40.%f Process-1 beavr.teleop.components.simulation.mujoco_sim: MuJoCo SYSMO-32仿真器初始化完成, URDF: configs/robots/sysmo32.urdf
[INFO] 11:33:40.%f Process-1 beavr.teleop.components.simulation.mujoco_sim: MuJoCo SYSMO-32仿真器启动
